<?xml version="1.0" encoding="UTF-8"?>
<!-- Generated by org.testng.reporters.JUnitXMLReporter -->
<testsuite ignored="2" hostname="DESKTOP-VJJ2I3U" failures="0" tests="1" name="LoginTest" time="8.263" errors="0" timestamp="2025-06-20T16:57:43 IST">
  <testcase classname="test.LoginToAcademy" name="webLoginValid" time="0.421"/>
  <testcase classname="test.LoginToAcademy" name="resetPassword" time="0.0">
    <ignored/>
  </testcase> <!-- resetPassword -->
  <testcase classname="test.LoginToAcademy" name="webLoginInvalid" time="0.0">
    <ignored/>
  </testcase> <!-- webLoginInvalid -->
</testsuite> <!-- LoginTest -->
