<?xml version="1.0" encoding="UTF-8"?>
<!-- Generated by org.testng.reporters.JUnitXMLReporter -->
<testsuite ignored="2" hostname="DESKTOP-VJJ2I3U" failures="0" tests="1" name="Default test" time="9.959" errors="0" timestamp="2025-06-20T17:06:22 IST">
  <testcase classname="test.LoginToAcademy" name="webLoginValid" time="1.933"/>
  <testcase classname="test.LoginToAcademy" name="resetPassword" time="0.0">
    <ignored/>
  </testcase> <!-- resetPassword -->
  <testcase classname="test.LoginToAcademy" name="webLoginInvalid" time="0.0">
    <ignored/>
  </testcase> <!-- webLoginInvalid -->
</testsuite> <!-- Default test -->
