<?xml version="1.0" encoding="UTF-8"?>
<!-- Generated by org.testng.reporters.JUnitXMLReporter -->
<testsuite ignored="1" hostname="DESKTOP-VJJ2I3U" failures="0" tests="1" name="Default test" time="9.097" errors="0" timestamp="2025-06-19T15:49:05 IST">
  <testcase classname="test.LoginToAcademy" name="webLoginValid" time="0.445"/>
  <testcase classname="test.LoginToAcademy" name="webLoginInvalid" time="0.0">
    <ignored/>
  </testcase> <!-- webLoginInvalid -->
</testsuite> <!-- Default test -->
