<?xml version="1.0" encoding="UTF-8"?>
<!-- Generated by org.testng.reporters.JUnitXMLReporter -->
<testsuite ignored="0" hostname="DESKTOP-VJJ2I3U" failures="0" tests="7" name="LoginTest" time="2.473" errors="0" timestamp="2025-06-18T16:14:13 IST">
  <testcase classname="base.TestBase" name="@BeforeTest setupReport" time="0.187">
    <failure type="java.lang.NoSuchMethodError" message="&amp;apos;void com.aventstack.extentreports.ExtentReports.attachReporter(com.aventstack.extentreports.observer.ExtentObserver[])&amp;apos;">
      <![CDATA[java.lang.NoSuchMethodError: 'void com.aventstack.extentreports.ExtentReports.attachReporter(com.aventstack.extentreports.observer.ExtentObserver[])'
at utilities.ExtentReportManager.getReportInstance(ExtentReportManager.java:22)
at base.TestBase.setupReport(TestBase.java:38)
at java.base/java.util.concurrent.FutureTask.run(FutureTask.java:317)
at java.base/java.util.concurrent.ThreadPoolExecutor.runWorker(ThreadPoolExecutor.java:1144)
at java.base/java.util.concurrent.ThreadPoolExecutor$Worker.run(ThreadPoolExecutor.java:642)
at java.base/java.lang.Thread.run(Thread.java:1589)
... Removed 13 stack frames]]>
    </failure>
  </testcase> <!-- @BeforeTest setupReport -->
  <testcase classname="base.TestBase" name="@BeforeMethod setup" time="-1.750243452816E9">
    <skipped/>
  </testcase> <!-- @BeforeMethod setup -->
  <testcase classname="base.TestBase" name="@AfterMethod tearDown" time="-1.750243452837E9">
    <skipped/>
  </testcase> <!-- @AfterMethod tearDown -->
  <testcase classname="base.TestBase" name="@BeforeMethod setup" time="-1.750243452843E9">
    <skipped/>
  </testcase> <!-- @BeforeMethod setup -->
  <testcase classname="base.TestBase" name="@AfterMethod tearDown" time="-1.750243452866E9">
    <skipped/>
  </testcase> <!-- @AfterMethod tearDown -->
  <testcase classname="base.TestBase" name="@BeforeMethod setup" time="-1.750243452887E9">
    <skipped/>
  </testcase> <!-- @BeforeMethod setup -->
  <testcase classname="base.TestBase" name="@AfterMethod tearDown" time="-1.75024345291E9">
    <skipped/>
  </testcase> <!-- @AfterMethod tearDown -->
  <testcase classname="base.TestBase" name="@BeforeMethod setup" time="-1.750243452915E9">
    <skipped/>
  </testcase> <!-- @BeforeMethod setup -->
  <testcase classname="base.TestBase" name="@AfterMethod tearDown" time="-1.750243452941E9">
    <skipped/>
  </testcase> <!-- @AfterMethod tearDown -->
  <testcase classname="base.TestBase" name="@BeforeMethod setup" time="-1.750243452963E9">
    <skipped/>
  </testcase> <!-- @BeforeMethod setup -->
  <testcase classname="base.TestBase" name="@AfterMethod tearDown" time="-1.750243452985E9">
    <skipped/>
  </testcase> <!-- @AfterMethod tearDown -->
  <testcase classname="base.TestBase" name="@BeforeMethod setup" time="-1.750243452995E9">
    <skipped/>
  </testcase> <!-- @BeforeMethod setup -->
  <testcase classname="base.TestBase" name="@AfterMethod tearDown" time="-1.750243453015E9">
    <skipped/>
  </testcase> <!-- @AfterMethod tearDown -->
  <testcase classname="base.TestBase" name="@BeforeMethod setup" time="-1.750243453023E9">
    <skipped/>
  </testcase> <!-- @BeforeMethod setup -->
  <testcase classname="base.TestBase" name="@AfterMethod tearDown" time="-1.750243453039E9">
    <skipped/>
  </testcase> <!-- @AfterMethod tearDown -->
  <testcase classname="base.TestBase" name="@AfterTest generateReport" time="-1.750243453046E9">
    <skipped/>
  </testcase> <!-- @AfterTest generateReport -->
  <testcase classname="test.LoginToAcademy" name="webLoginInvalid" time="0.0">
    <skipped/>
  </testcase> <!-- webLoginInvalid -->
  <testcase classname="test.LoginToAcademy" name="webLoginInvalid" time="0.0">
    <skipped/>
  </testcase> <!-- webLoginInvalid -->
  <testcase classname="test.LoginToAcademy" name="webLoginInvalid" time="0.0">
    <skipped/>
  </testcase> <!-- webLoginInvalid -->
  <testcase classname="test.LoginToAcademy" name="webLoginInvalid" time="0.0">
    <skipped/>
  </testcase> <!-- webLoginInvalid -->
  <testcase classname="test.LoginToAcademy" name="webLoginInvalid" time="0.002">
    <skipped/>
  </testcase> <!-- webLoginInvalid -->
  <testcase classname="test.LoginToAcademy" name="webLoginInvalid" time="0.0">
    <skipped/>
  </testcase> <!-- webLoginInvalid -->
  <testcase classname="test.LoginToAcademy" name="webLoginValid" time="0.0">
    <skipped/>
  </testcase> <!-- webLoginValid -->
</testsuite> <!-- LoginTest -->
