<?xml version="1.0" encoding="UTF-8"?>
<testng-results ignored="2" total="3" passed="1" failed="0" skipped="0">
  <reporter-output>
  </reporter-output>
  <suite started-at="2025-06-20T16:45:06 IST" name="Default suite" finished-at="2025-06-20T16:45:17 IST" duration-ms="11426">
    <groups>
    </groups>
    <test started-at="2025-06-20T16:45:06 IST" name="Default test" finished-at="2025-06-20T16:45:17 IST" duration-ms="11426">
      <class name="test.LoginToAcademy">
        <test-method is-config="true" signature="setupReport()[pri:0, instance:test.LoginToAcademy@d86a6f]" started-at="2025-06-20T16:45:06 IST" name="setupReport" finished-at="2025-06-20T16:45:07 IST" duration-ms="670" status="PASS">
          <reporter-output>
          </reporter-output>
        </test-method> <!-- setupReport -->
        <test-method is-config="true" signature="setup()[pri:0, instance:test.LoginToAcademy@d86a6f]" started-at="2025-06-20T16:45:07 IST" name="setup" finished-at="2025-06-20T16:45:15 IST" duration-ms="7891" status="PASS">
          <reporter-output>
          </reporter-output>
        </test-method> <!-- setup -->
        <test-method signature="resetPassword()[pri:0, instance:test.LoginToAcademy@d86a6f]" started-at="2025-06-20T16:45:15 IST" name="resetPassword" finished-at="2025-06-20T16:45:17 IST" duration-ms="2026" status="PASS">
          <reporter-output>
          </reporter-output>
        </test-method> <!-- resetPassword -->
        <test-method is-config="true" signature="tearDown(org.testng.ITestResult)[pri:0, instance:test.LoginToAcademy@d86a6f]" started-at="2025-06-20T16:45:17 IST" name="tearDown" finished-at="2025-06-20T16:45:17 IST" duration-ms="309" status="PASS">
          <params>
            <param index="0">
              <value>
                <![CDATA[[TestResult name=resetPassword status=SUCCESS method=LoginToAcademy.resetPassword()[pri:0, instance:test.LoginToAcademy@d86a6f] output={null}]]]>
              </value>
            </param>
          </params>
          <reporter-output>
          </reporter-output>
        </test-method> <!-- tearDown -->
        <test-method is-config="true" signature="generateReport()[pri:0, instance:test.LoginToAcademy@d86a6f]" started-at="2025-06-20T16:45:17 IST" name="generateReport" finished-at="2025-06-20T16:45:17 IST" duration-ms="433" status="PASS">
          <reporter-output>
          </reporter-output>
        </test-method> <!-- generateReport -->
      </class> <!-- test.LoginToAcademy -->
    </test> <!-- Default test -->
  </suite> <!-- Default suite -->
</testng-results>
